This is cutadapt 3.5 with Python 3.9.9
Command line parameters: -a AGATCGGAAGAG -A AGATCGGAAGAG -q 30,30 --minimum-length 80 -o /home/skiehl/MIP_280A4_Final_Project/Quality_Control_and_Trimming/Planococcus_Illumina_R1_trimmed.fastq -p /home/skiehl/MIP_280A4_Final_Project/Quality_Control_and_Trimming/Planococcus_Illumina_R2_trimmed.fastq Planococcus_Illumina_R1.fastq Planococcus_Illumina_R2.fastq
Processing reads on 1 core in paired-end mode ...
Finished in 17.04 s (20 µs/read; 2.97 M reads/minute).

=== Summary ===

Total read pairs processed:            844,025
  Read 1 with adapter:                 281,880 (33.4%)
  Read 2 with adapter:                 261,261 (31.0%)

== Read fate breakdown ==
Pairs that were too short:              25,586 (3.0%)
Pairs written (passing filters):       818,439 (97.0%)

Total basepairs processed:   422,012,500 bp
  Read 1:   211,006,250 bp
  Read 2:   211,006,250 bp
Quality-trimmed:              15,082,606 bp (3.6%)
  Read 1:     3,778,458 bp
  Read 2:    11,304,148 bp
Total written (filtered):    384,464,582 bp (91.1%)
  Read 1:   193,520,917 bp
  Read 2:   190,943,665 bp

=== First read: Adapter 1 ===

Sequence: AGATCGGAAGAG; Type: regular 3'; Length: 12; Trimmed: 281880 times

Minimum overlap: 3
No. of allowed errors:
1-9 bp: 0; 10-12 bp: 1

Bases preceding removed adapters:
  A: 21.6%
  C: 22.4%
  G: 26.9%
  T: 29.1%
  none/other: 0.0%

Overview of removed sequences
length	count	expect	max.err	error counts
3	11110	13187.9	0	11110
4	5170	3297.0	0	5170
5	3973	824.2	0	3973
6	4654	206.1	0	4654
7	5628	51.5	0	5628
8	3485	12.9	0	3485
9	6539	3.2	0	6509 30
10	4090	0.8	1	4037 53
11	3395	0.2	1	3352 43
12	4787	0.1	1	4742 45
13	4072	0.1	1	4024 48
14	5465	0.1	1	5423 42
15	3272	0.1	1	3234 38
16	5052	0.1	1	4992 60
17	5212	0.1	1	5143 69
18	6892	0.1	1	6837 55
19	1273	0.1	1	1238 35
20	4410	0.1	1	4361 49
21	4673	0.1	1	4613 60
22	3995	0.1	1	3947 48
23	4229	0.1	1	4182 47
24	6100	0.1	1	6034 66
25	5037	0.1	1	4997 40
26	3046	0.1	1	3008 38
27	4410	0.1	1	4362 48
28	5584	0.1	1	5517 67
29	4664	0.1	1	4608 56
30	6802	0.1	1	6764 38
31	1690	0.1	1	1648 42
32	4729	0.1	1	4684 45
33	4107	0.1	1	4061 46
34	4632	0.1	1	4578 54
35	5395	0.1	1	5310 85
36	8157	0.1	1	8100 57
37	917	0.1	1	881 36
38	7006	0.1	1	6945 61
39	1978	0.1	1	1941 37
40	4570	0.1	1	4533 37
41	4080	0.1	1	4036 44
42	4259	0.1	1	4197 62
43	4588	0.1	1	4535 53
44	4356	0.1	1	4314 42
45	4260	0.1	1	4208 52
46	4315	0.1	1	4264 51
47	4192	0.1	1	4153 39
48	4095	0.1	1	4050 45
49	3983	0.1	1	3943 40
50	4068	0.1	1	4033 35
51	4404	0.1	1	4354 50
52	5789	0.1	1	5737 52
53	4059	0.1	1	4030 29
54	1714	0.1	1	1696 18
55	1336	0.1	1	1314 22
56	3191	0.1	1	3153 38
57	4489	0.1	1	4469 20
58	1299	0.1	1	1285 14
59	2344	0.1	1	2325 19
60	2514	0.1	1	2498 16
61	1859	0.1	1	1843 16
62	2320	0.1	1	2291 29
63	2726	0.1	1	2707 19
64	2861	0.1	1	2840 21
65	845	0.1	1	833 12
66	1104	0.1	1	1091 13
67	1416	0.1	1	1400 16
68	2045	0.1	1	2030 15
69	694	0.1	1	679 15
70	1495	0.1	1	1484 11
71	838	0.1	1	825 13
72	781	0.1	1	767 14
73	870	0.1	1	860 10
74	1086	0.1	1	1074 12
75	874	0.1	1	862 12
76	333	0.1	1	326 7
77	547	0.1	1	542 5
78	558	0.1	1	552 6
79	477	0.1	1	470 7
80	437	0.1	1	427 10
81	434	0.1	1	426 8
82	421	0.1	1	413 8
83	608	0.1	1	596 12
84	890	0.1	1	870 20
85	977	0.1	1	965 12
86	248	0.1	1	241 7
87	25	0.1	1	22 3
88	11	0.1	1	9 2
89	12	0.1	1	9 3
90	8	0.1	1	7 1
91	7	0.1	1	5 2
92	12	0.1	1	9 3
93	3	0.1	1	2 1
94	10	0.1	1	5 5
95	9	0.1	1	5 4
96	11	0.1	1	7 4
97	8	0.1	1	5 3
98	8	0.1	1	5 3
99	7	0.1	1	5 2
100	9	0.1	1	6 3
101	8	0.1	1	6 2
102	12	0.1	1	7 5
103	8	0.1	1	7 1
104	6	0.1	1	4 2
105	8	0.1	1	4 4
106	4	0.1	1	2 2
107	9	0.1	1	6 3
108	8	0.1	1	8
109	2	0.1	1	2
110	6	0.1	1	3 3
111	8	0.1	1	4 4
112	2	0.1	1	0 2
113	2	0.1	1	1 1
114	6	0.1	1	3 3
115	2	0.1	1	0 2
116	4	0.1	1	3 1
117	4	0.1	1	4
118	2	0.1	1	2
119	4	0.1	1	2 2
120	6	0.1	1	4 2
121	5	0.1	1	2 3
122	5	0.1	1	3 2
123	4	0.1	1	3 1
124	3	0.1	1	1 2
125	4	0.1	1	1 3
126	4	0.1	1	1 3
127	2	0.1	1	0 2
128	5	0.1	1	1 4
129	5	0.1	1	1 4
130	2	0.1	1	0 2
131	1	0.1	1	0 1
132	8	0.1	1	2 6
133	5	0.1	1	4 1
134	4	0.1	1	2 2
135	4	0.1	1	2 2
136	3	0.1	1	0 3
137	6	0.1	1	0 6
138	1	0.1	1	0 1
139	6	0.1	1	0 6
140	5	0.1	1	3 2
141	2	0.1	1	0 2
142	2	0.1	1	2
143	3	0.1	1	1 2
144	4	0.1	1	3 1
145	4	0.1	1	1 3
146	6	0.1	1	1 5
147	1	0.1	1	0 1
148	2	0.1	1	0 2
149	1	0.1	1	0 1
150	5	0.1	1	0 5
151	2	0.1	1	0 2
152	4	0.1	1	0 4
153	5	0.1	1	2 3
154	3	0.1	1	0 3
155	3	0.1	1	0 3
156	4	0.1	1	0 4
157	1	0.1	1	0 1
158	2	0.1	1	0 2
159	3	0.1	1	0 3
160	1	0.1	1	0 1
161	4	0.1	1	0 4
164	5	0.1	1	0 5
165	3	0.1	1	0 3
166	3	0.1	1	0 3
167	5	0.1	1	2 3
170	8	0.1	1	1 7
171	2	0.1	1	0 2
172	4	0.1	1	0 4
173	6	0.1	1	1 5
174	2	0.1	1	0 2
175	2	0.1	1	1 1
176	4	0.1	1	0 4
177	3	0.1	1	0 3
179	2	0.1	1	1 1
180	4	0.1	1	0 4
181	1	0.1	1	0 1
182	1	0.1	1	1
183	4	0.1	1	2 2
184	2	0.1	1	0 2
185	1	0.1	1	0 1
186	3	0.1	1	1 2
187	6	0.1	1	0 6
189	4	0.1	1	0 4
190	2	0.1	1	0 2
191	1	0.1	1	0 1
192	3	0.1	1	0 3
193	2	0.1	1	0 2
194	2	0.1	1	0 2
195	2	0.1	1	0 2
196	5	0.1	1	0 5
197	2	0.1	1	0 2
198	2	0.1	1	0 2
199	4	0.1	1	0 4
200	3	0.1	1	0 3
201	2	0.1	1	0 2
202	6	0.1	1	0 6
203	2	0.1	1	0 2
204	5	0.1	1	0 5
205	2	0.1	1	0 2
206	3	0.1	1	0 3
208	2	0.1	1	0 2
210	1	0.1	1	0 1
212	2	0.1	1	0 2
213	1	0.1	1	0 1
214	3	0.1	1	0 3
215	3	0.1	1	1 2
216	3	0.1	1	0 3
217	1	0.1	1	0 1
218	1	0.1	1	0 1
220	1	0.1	1	0 1
222	2	0.1	1	0 2
223	2	0.1	1	0 2
225	1	0.1	1	0 1
226	1	0.1	1	0 1
227	1	0.1	1	0 1
228	7	0.1	1	0 7
230	1	0.1	1	0 1
231	1	0.1	1	0 1
232	2	0.1	1	0 2
233	2	0.1	1	0 2
234	2	0.1	1	0 2
235	2	0.1	1	0 2
236	5	0.1	1	0 5
237	1	0.1	1	0 1
238	3	0.1	1	0 3
239	3	0.1	1	0 3
240	2	0.1	1	0 2
241	1	0.1	1	0 1
242	1	0.1	1	0 1
243	3	0.1	1	0 3
244	2	0.1	1	0 2
245	5	0.1	1	0 5
246	5	0.1	1	0 5
247	1	0.1	1	0 1
248	5	0.1	1	0 5
249	1	0.1	1	0 1
250	3	0.1	1	0 3


=== Second read: Adapter 2 ===

Sequence: AGATCGGAAGAG; Type: regular 3'; Length: 12; Trimmed: 261261 times

Minimum overlap: 3
No. of allowed errors:
1-9 bp: 0; 10-12 bp: 1

Bases preceding removed adapters:
  A: 21.2%
  C: 22.4%
  G: 26.6%
  T: 29.8%
  none/other: 0.0%

Overview of removed sequences
length	count	expect	max.err	error counts
3	10333	13187.9	0	10333
4	3986	3297.0	0	3986
5	3054	824.2	0	3054
6	5146	206.1	0	5146
7	9541	51.5	0	9541
8	2810	12.9	0	2810
9	6271	3.2	0	6235 36
10	4923	0.8	1	4842 81
11	2075	0.2	1	1935 140
12	5926	0.1	1	5808 118
13	3883	0.1	1	3701 182
14	7503	0.1	1	7380 123
15	2336	0.1	1	2249 87
16	4112	0.1	1	3900 212
17	9008	0.1	1	8906 102
18	1028	0.1	1	829 199
19	9743	0.1	1	9599 144
20	2198	0.1	1	2157 41
21	493	0.1	1	411 82
22	4107	0.1	1	3972 135
23	5306	0.1	1	4999 307
24	9143	0.1	1	8976 167
25	2201	0.1	1	2063 138
26	5522	0.1	1	5370 152
27	5329	0.1	1	5139 190
28	6547	0.1	1	6452 95
29	1924	0.1	1	1669 255
30	10831	0.1	1	10694 137
31	1878	0.1	1	1651 227
32	11151	0.1	1	11025 126
33	3357	0.1	1	2884 473
34	23334	0.1	1	23030 304
35	7405	0.1	1	7280 125
36	452	0.1	1	399 53
37	1769	0.1	1	1689 80
38	3455	0.1	1	3364 91
39	2090	0.1	1	1993 97
40	3307	0.1	1	3191 116
41	5447	0.1	1	5159 288
42	12477	0.1	1	12302 175
43	3763	0.1	1	3597 166
44	7551	0.1	1	7387 164
45	6410	0.1	1	6227 183
46	7353	0.1	1	7222 131
47	4659	0.1	1	4576 83
48	2632	0.1	1	2587 45
49	1449	0.1	1	1422 27
50	391	0.1	1	376 15
51	444	0.1	1	432 12
52	205	0.1	1	197 8
53	448	0.1	1	423 25
54	1003	0.1	1	985 18
55	160	0.1	1	141 19
56	630	0.1	1	603 27
57	1207	0.1	1	1195 12
58	223	0.1	1	207 16
59	58	0.1	1	53 5
60	119	0.1	1	116 3
61	12	0.1	1	8 4
62	20	0.1	1	14 6
63	74	0.1	1	73 1
64	49	0.1	1	43 6
65	9	0.1	1	7 2
66	4	0.1	1	1 3
67	6	0.1	1	2 4
68	7	0.1	1	6 1
69	22	0.1	1	17 5
70	71	0.1	1	71
71	10	0.1	1	7 3
72	10	0.1	1	7 3
73	21	0.1	1	21
74	31	0.1	1	28 3
75	46	0.1	1	42 4
76	57	0.1	1	55 2
77	95	0.1	1	91 4
78	113	0.1	1	111 2
79	75	0.1	1	73 2
80	43	0.1	1	39 4
81	12	0.1	1	10 2
82	4	0.1	1	0 4
83	1	0.1	1	0 1
84	2	0.1	1	1 1
85	2	0.1	1	0 2
86	1	0.1	1	0 1
87	4	0.1	1	0 4
88	5	0.1	1	0 5
90	1	0.1	1	0 1
91	1	0.1	1	0 1
93	7	0.1	1	1 6
94	6	0.1	1	1 5
95	2	0.1	1	1 1
96	2	0.1	1	0 2
97	3	0.1	1	1 2
98	3	0.1	1	0 3
100	1	0.1	1	0 1
101	3	0.1	1	0 3
102	5	0.1	1	0 5
103	1	0.1	1	0 1
104	2	0.1	1	1 1
105	2	0.1	1	0 2
106	2	0.1	1	0 2
107	3	0.1	1	0 3
108	2	0.1	1	2
109	3	0.1	1	1 2
110	4	0.1	1	0 4
111	4	0.1	1	0 4
112	2	0.1	1	0 2
113	2	0.1	1	0 2
114	2	0.1	1	0 2
115	3	0.1	1	1 2
116	5	0.1	1	0 5
117	6	0.1	1	0 6
118	2	0.1	1	0 2
119	4	0.1	1	0 4
120	3	0.1	1	0 3
121	3	0.1	1	0 3
122	5	0.1	1	0 5
123	2	0.1	1	0 2
124	1	0.1	1	0 1
125	3	0.1	1	0 3
126	2	0.1	1	0 2
127	3	0.1	1	0 3
128	2	0.1	1	0 2
129	2	0.1	1	0 2
133	2	0.1	1	0 2
134	1	0.1	1	0 1
135	5	0.1	1	0 5
136	2	0.1	1	0 2
137	1	0.1	1	0 1
138	1	0.1	1	0 1
139	6	0.1	1	0 6
140	5	0.1	1	0 5
141	3	0.1	1	0 3
142	2	0.1	1	0 2
143	2	0.1	1	0 2
144	3	0.1	1	0 3
145	2	0.1	1	0 2
146	2	0.1	1	0 2
148	4	0.1	1	0 4
149	3	0.1	1	1 2
150	1	0.1	1	0 1
151	3	0.1	1	0 3
153	2	0.1	1	0 2
154	2	0.1	1	0 2
155	2	0.1	1	0 2
156	2	0.1	1	0 2
157	1	0.1	1	0 1
158	4	0.1	1	0 4
159	2	0.1	1	0 2
160	2	0.1	1	0 2
162	2	0.1	1	0 2
163	1	0.1	1	0 1
164	1	0.1	1	0 1
165	4	0.1	1	0 4
166	2	0.1	1	0 2
167	3	0.1	1	0 3
168	3	0.1	1	0 3
169	1	0.1	1	0 1
170	4	0.1	1	0 4
171	1	0.1	1	0 1
172	1	0.1	1	0 1
173	1	0.1	1	0 1
174	1	0.1	1	0 1
175	1	0.1	1	0 1
176	4	0.1	1	0 4
177	4	0.1	1	0 4
178	2	0.1	1	0 2
179	1	0.1	1	0 1
180	3	0.1	1	0 3
182	3	0.1	1	0 3
183	1	0.1	1	0 1
184	3	0.1	1	0 3
185	2	0.1	1	0 2
186	3	0.1	1	0 3
187	3	0.1	1	0 3
188	1	0.1	1	0 1
189	1	0.1	1	1
190	2	0.1	1	0 2
191	3	0.1	1	0 3
192	2	0.1	1	0 2
193	2	0.1	1	1 1
194	1	0.1	1	0 1
195	2	0.1	1	0 2
196	2	0.1	1	0 2
197	2	0.1	1	0 2
198	3	0.1	1	0 3
199	1	0.1	1	0 1
200	1	0.1	1	0 1
202	5	0.1	1	0 5
203	2	0.1	1	0 2
204	3	0.1	1	0 3
205	5	0.1	1	0 5
206	1	0.1	1	0 1
207	4	0.1	1	0 4
208	2	0.1	1	0 2
209	2	0.1	1	0 2
211	1	0.1	1	0 1
212	2	0.1	1	0 2
214	1	0.1	1	0 1
215	1	0.1	1	0 1
216	2	0.1	1	0 2
217	5	0.1	1	0 5
218	2	0.1	1	0 2
220	1	0.1	1	0 1
221	1	0.1	1	0 1
222	2	0.1	1	0 2
223	4	0.1	1	0 4
225	1	0.1	1	0 1
226	1	0.1	1	0 1
227	1	0.1	1	0 1
229	2	0.1	1	0 2
230	2	0.1	1	0 2
232	3	0.1	1	0 3
233	2	0.1	1	0 2
234	2	0.1	1	0 2
236	3	0.1	1	0 3
238	2	0.1	1	0 2
239	4	0.1	1	0 4
240	3	0.1	1	0 3
241	4	0.1	1	0 4
242	1	0.1	1	0 1
243	4	0.1	1	0 4
244	1	0.1	1	0 1
245	3	0.1	1	0 3
246	2	0.1	1	0 2
247	2	0.1	1	0 2
248	3	0.1	1	0 3
249	5	0.1	1	0 5
